<?xml version="1.0" encoding="UTF-8"?>
<testsuite xmlns:xsi="http://www.w3.org/2001/XMLSchema-instance" xsi:noNamespaceSchemaLocation="https://maven.apache.org/surefire/maven-surefire-plugin/xsd/surefire-test-report-3.0.xsd" version="3.0" name="TestSuite" time="17.967" tests="2" errors="0" skipped="0" failures="0">
  <properties>
[...]
</properties>
  <testcase name="VrifyWelcomeMessage" classname="TestScript.HomePageTest" time="0.104">
    <system-out><![CDATA[[TestNGContentHandler] [WARN] It is strongly recommended to add "<!DOCTYPE suite SYSTEM "http://testng.org/testng-1.0.dtd" >" at the top of your file, otherwise TestNG may fail or not work as expected.
chromelaunch
Navigating to url
Welcome Message verifyed:DEFAULT WELCOME MSG!
https://live.demoguru99.com/skin/frontend/rwd/default/images/logo.gif
Magnetoicon verifiedhttps://live.demoguru99.com/skin/frontend/rwd/default/images/logo.gif
]]></system-out>
    <system-err><![CDATA[Starting ChromeDriver 92.0.4515.43 (8c61b7e2989f2990d42f859cac71319137787cce-refs/branch-heads/4515@{#306}) on port 21409
Only local connections are allowed.
Please see https://chromedriver.chromium.org/security-considerations for suggestions on keeping ChromeDriver safe.
ChromeDriver was started successfully.
Jul 27, 2021 11:23:19 PM org.openqa.selenium.remote.ProtocolHandshake createSession
INFO: Detected dialect: W3C
]]></system-err>
  </testcase>
  <testcase name="verifyMobileAndTVLink" classname="TestScript.HomePageTest" time="0.291">
    <system-out><![CDATA[Browser closed
chromelaunch
Navigating to url
Mobile Link is availabl:=http://live.demoguru99.com/index.php/mobile.html
TV Link is avaiablehttp://live.demoguru99.com/index.php/tv.html
Mobile background clour verfied before hover : =rgba(99, 99, 99, 1)
Mobile background clour verfied After hover : =rgba(51, 153, 204, 1)
]]></system-out>
    <system-err><![CDATA[Starting ChromeDriver 92.0.4515.43 (8c61b7e2989f2990d42f859cac71319137787cce-refs/branch-heads/4515@{#306}) on port 17526
Only local connections are allowed.
Please see https://chromedriver.chromium.org/security-considerations for suggestions on keeping ChromeDriver safe.
ChromeDriver was started successfully.
Jul 27, 2021 11:23:30 PM org.openqa.selenium.remote.ProtocolHandshake createSession
INFO: Detected dialect: W3C
]]></system-err>
  </testcase>
</testsuite>