<?xml version="1.0" encoding="UTF-8"?>
<testng-results ignored="0" total="2" passed="2" failed="0" skipped="0">
  <reporter-output>
    <line>
      <![CDATA[chromelaunch]]>
    </line>
    <line>
      <![CDATA[Navigating to url]]>
    </line>
    <line>
      <![CDATA[Browser closed]]>
    </line>
    <line>
      <![CDATA[chromelaunch]]>
    </line>
    <line>
      <![CDATA[Navigating to url]]>
    </line>
    <line>
      <![CDATA[Browser closed]]>
    </line>
  </reporter-output>
  <suite started-at="2021-07-27T17:53:17Z" name="Suite" finished-at="2021-07-27T17:53:34Z" duration-ms="17240">
    <groups>
    </groups>
    <test started-at="2021-07-27T17:53:17Z" name="Test" finished-at="2021-07-27T17:53:34Z" duration-ms="17240">
      <class name="TestScript.HomePageTest">
        <test-method is-config="true" signature="precondition(java.lang.String)[pri:0, instance:TestScript.HomePageTest@30bce90b]" started-at="2021-07-27T23:23:17Z" name="precondition" finished-at="2021-07-27T23:23:24Z" duration-ms="6922" status="PASS">
          <params>
            <param index="0">
              <value>
                <![CDATA[chrome]]>
              </value>
            </param>
          </params>
          <reporter-output>
            <line>
              <![CDATA[chromelaunch]]>
            </line>
            <line>
              <![CDATA[Navigating to url]]>
            </line>
          </reporter-output>
        </test-method> <!-- precondition -->
        <test-method signature="VrifyWelcomeMessage()[pri:1, instance:TestScript.HomePageTest@30bce90b]" started-at="2021-07-27T23:23:24Z" name="VrifyWelcomeMessage" finished-at="2021-07-27T23:23:24Z" duration-ms="122" status="PASS">
          <reporter-output>
          </reporter-output>
        </test-method> <!-- VrifyWelcomeMessage -->
        <test-method is-config="true" signature="postcondition(org.testng.ITestResult)[pri:0, instance:TestScript.HomePageTest@30bce90b]" started-at="2021-07-27T23:23:24Z" name="postcondition" finished-at="2021-07-27T23:23:28Z" duration-ms="4147" status="PASS">
          <params>
            <param index="0">
              <value>
                <![CDATA[[TestResult name=VrifyWelcomeMessage status=SUCCESS method=HomePageTest.VrifyWelcomeMessage()[pri:1, instance:TestScript.HomePageTest@30bce90b] output={null}]]]>
              </value>
            </param>
          </params>
          <reporter-output>
            <line>
              <![CDATA[Browser closed]]>
            </line>
          </reporter-output>
        </test-method> <!-- postcondition -->
        <test-method is-config="true" signature="precondition(java.lang.String)[pri:0, instance:TestScript.HomePageTest@30bce90b]" started-at="2021-07-27T23:23:28Z" name="precondition" finished-at="2021-07-27T23:23:34Z" duration-ms="5622" status="PASS">
          <params>
            <param index="0">
              <value>
                <![CDATA[chrome]]>
              </value>
            </param>
          </params>
          <reporter-output>
            <line>
              <![CDATA[chromelaunch]]>
            </line>
            <line>
              <![CDATA[Navigating to url]]>
            </line>
          </reporter-output>
        </test-method> <!-- precondition -->
        <test-method signature="verifyMobileAndTVLink()[pri:2, instance:TestScript.HomePageTest@30bce90b]" started-at="2021-07-27T23:23:34Z" name="verifyMobileAndTVLink" finished-at="2021-07-27T23:23:34Z" duration-ms="301" status="PASS">
          <reporter-output>
          </reporter-output>
        </test-method> <!-- verifyMobileAndTVLink -->
        <test-method is-config="true" signature="postcondition(org.testng.ITestResult)[pri:0, instance:TestScript.HomePageTest@30bce90b]" started-at="2021-07-27T23:23:34Z" name="postcondition" finished-at="2021-07-27T23:23:34Z" duration-ms="116" status="PASS">
          <params>
            <param index="0">
              <value>
                <![CDATA[[TestResult name=verifyMobileAndTVLink status=SUCCESS method=HomePageTest.verifyMobileAndTVLink()[pri:2, instance:TestScript.HomePageTest@30bce90b] output={null}]]]>
              </value>
            </param>
          </params>
          <reporter-output>
            <line>
              <![CDATA[Browser closed]]>
            </line>
          </reporter-output>
        </test-method> <!-- postcondition -->
      </class> <!-- TestScript.HomePageTest -->
    </test> <!-- Test -->
  </suite> <!-- Suite -->
</testng-results>
