<?xml version="1.0" encoding="UTF-8"?>
<testng-results ignored="0" total="1" passed="1" failed="0" skipped="0">
  <reporter-output>
  </reporter-output>
  <suite started-at="2021-07-19T17:24:52Z" name="Suite" finished-at="2021-07-19T17:25:01Z" duration-ms="8897">
    <groups>
    </groups>
    <test started-at="2021-07-19T17:24:52Z" name="Test" finished-at="2021-07-19T17:25:01Z" duration-ms="8897">
      <class name="Generic.Base">
        <test-method signature="LaunchBrowser()[pri:0, instance:Generic.Base@31920ade]" started-at="2021-07-19T22:54:52Z" name="LaunchBrowser" finished-at="2021-07-19T22:55:01Z" duration-ms="8886" status="PASS">
          <reporter-output>
          </reporter-output>
        </test-method> <!-- LaunchBrowser -->
      </class> <!-- Generic.Base -->
    </test> <!-- Test -->
  </suite> <!-- Suite -->
</testng-results>
