<?xml version="1.0" encoding="UTF-8"?>
<testng-results ignored="0" total="2" passed="2" failed="0" skipped="0">
  <reporter-output>
    <line>
      <![CDATA[chromelaunch]]>
    </line>
    <line>
      <![CDATA[Navigating to url]]>
    </line>
    <line>
      <![CDATA[Browser closed]]>
    </line>
    <line>
      <![CDATA[chromelaunch]]>
    </line>
    <line>
      <![CDATA[Navigating to url]]>
    </line>
    <line>
      <![CDATA[Browser closed]]>
    </line>
  </reporter-output>
  <suite started-at="2021-07-27T00:06:59 IST" name="Suite" finished-at="2021-07-27T00:07:19 IST" duration-ms="19271">
    <groups>
    </groups>
    <test started-at="2021-07-27T00:06:59 IST" name="Test" finished-at="2021-07-27T00:07:19 IST" duration-ms="19271">
      <class name="TestScript.HomePageTest">
        <test-method is-config="true" signature="precondition(java.lang.String)[pri:0, instance:TestScript.HomePageTest@51dcb805]" started-at="2021-07-27T00:06:59 IST" name="precondition" finished-at="2021-07-27T00:07:05 IST" duration-ms="5266" status="PASS">
          <params>
            <param index="0">
              <value>
                <![CDATA[chrome]]>
              </value>
            </param>
          </params>
          <reporter-output>
            <line>
              <![CDATA[chromelaunch]]>
            </line>
            <line>
              <![CDATA[Navigating to url]]>
            </line>
          </reporter-output>
        </test-method> <!-- precondition -->
        <test-method signature="VrifyWelcomeMessage()[pri:1, instance:TestScript.HomePageTest@51dcb805]" started-at="2021-07-27T00:07:05 IST" name="VrifyWelcomeMessage" finished-at="2021-07-27T00:07:05 IST" duration-ms="128" status="PASS">
          <reporter-output>
          </reporter-output>
        </test-method> <!-- VrifyWelcomeMessage -->
        <test-method is-config="true" signature="postcondition(org.testng.ITestResult)[pri:0, instance:TestScript.HomePageTest@51dcb805]" started-at="2021-07-27T00:07:05 IST" name="postcondition" finished-at="2021-07-27T00:07:09 IST" duration-ms="4165" status="PASS">
          <params>
            <param index="0">
              <value>
                <![CDATA[[TestResult name=VrifyWelcomeMessage status=SUCCESS method=HomePageTest.VrifyWelcomeMessage()[pri:1, instance:TestScript.HomePageTest@51dcb805] output={null}]]]>
              </value>
            </param>
          </params>
          <reporter-output>
            <line>
              <![CDATA[Browser closed]]>
            </line>
          </reporter-output>
        </test-method> <!-- postcondition -->
        <test-method is-config="true" signature="precondition(java.lang.String)[pri:0, instance:TestScript.HomePageTest@51dcb805]" started-at="2021-07-27T00:07:09 IST" name="precondition" finished-at="2021-07-27T00:07:14 IST" duration-ms="5240" status="PASS">
          <params>
            <param index="0">
              <value>
                <![CDATA[chrome]]>
              </value>
            </param>
          </params>
          <reporter-output>
            <line>
              <![CDATA[chromelaunch]]>
            </line>
            <line>
              <![CDATA[Navigating to url]]>
            </line>
          </reporter-output>
        </test-method> <!-- precondition -->
        <test-method signature="verifyMobileAndTVLink()[pri:2, instance:TestScript.HomePageTest@51dcb805]" started-at="2021-07-27T00:07:14 IST" name="verifyMobileAndTVLink" finished-at="2021-07-27T00:07:14 IST" duration-ms="293" status="PASS">
          <reporter-output>
          </reporter-output>
        </test-method> <!-- verifyMobileAndTVLink -->
        <test-method is-config="true" signature="postcondition(org.testng.ITestResult)[pri:0, instance:TestScript.HomePageTest@51dcb805]" started-at="2021-07-27T00:07:14 IST" name="postcondition" finished-at="2021-07-27T00:07:19 IST" duration-ms="4152" status="PASS">
          <params>
            <param index="0">
              <value>
                <![CDATA[[TestResult name=verifyMobileAndTVLink status=SUCCESS method=HomePageTest.verifyMobileAndTVLink()[pri:2, instance:TestScript.HomePageTest@51dcb805] output={null}]]]>
              </value>
            </param>
          </params>
          <reporter-output>
            <line>
              <![CDATA[Browser closed]]>
            </line>
          </reporter-output>
        </test-method> <!-- postcondition -->
      </class> <!-- TestScript.HomePageTest -->
    </test> <!-- Test -->
  </suite> <!-- Suite -->
</testng-results>
